<?xml version="1.0" encoding="UTF-8"?>
<testsuite xmlns:xsi="http://www.w3.org/2001/XMLSchema-instance" xsi:noNamespaceSchemaLocation="https://maven.apache.org/surefire/maven-surefire-plugin/xsd/surefire-test-report-3.0.xsd" version="3.0" name="com.healthcaredelivery.healthcareblog.HealthcareBlogApplicationTests" time="45.819" tests="1" errors="0" skipped="0" failures="0">
  <properties>
[...]
</properties>
  <testcase name="contextLoads" classname="com.healthcaredelivery.healthcareblog.HealthcareBlogApplicationTests" time="8.76">
    <system-out><![CDATA[21:06:49.291 [main] INFO org.springframework.test.context.support.AnnotationConfigContextLoaderUtils -- Could not detect default configuration classes for test class [com.healthcaredelivery.healthcareblog.HealthcareBlogApplicationTests]: HealthcareBlogApplicationTests does not declare any static, non-private, non-final, nested classes annotated with @Configuration.
21:06:49.782 [main] INFO org.springframework.boot.test.context.SpringBootTestContextBootstrapper -- Found @SpringBootConfiguration com.healthcaredelivery.healthcareblog.HealthcareBlogApplication for test class com.healthcaredelivery.healthcareblog.HealthcareBlogApplicationTests

  .   ____          _            __ _ _
 /\\ / ___'_ __ _ _(_)_ __  __ _ \ \ \ \
( ( )\___ | '_ | '_| | '_ \/ _` | \ \ \ \
 \\/  ___)| |_)| | | | | || (_| |  ) ) ) )
  '  |____| .__|_| |_|_| |_\__, | / / / /
 =========|_|==============|___/=/_/_/_/
 :: Spring Boot ::                (v3.1.1)

2023-07-29T21:06:51.362+01:00  INFO 16948 --- [           main] c.h.h.HealthcareBlogApplicationTests     : Starting HealthcareBlogApplicationTests using Java 17.0.6 with PID 16948 (started by Systej in C:\Users\Systej\Documents\project\spring-boot\healthcare-blog)
2023-07-29T21:06:51.365+01:00  INFO 16948 --- [           main] c.h.h.HealthcareBlogApplicationTests     : No active profile set, falling back to 1 default profile: "default"
2023-07-29T21:06:54.052+01:00  INFO 16948 --- [           main] .s.d.r.c.RepositoryConfigurationDelegate : Bootstrapping Spring Data JPA repositories in DEFAULT mode.
2023-07-29T21:06:54.271+01:00  INFO 16948 --- [           main] .s.d.r.c.RepositoryConfigurationDelegate : Finished Spring Data repository scanning in 198 ms. Found 3 JPA repository interfaces.
2023-07-29T21:06:56.336+01:00  INFO 16948 --- [           main] o.hibernate.jpa.internal.util.LogHelper  : HHH000204: Processing PersistenceUnitInfo [name: default]
2023-07-29T21:06:56.786+01:00  INFO 16948 --- [           main] org.hibernate.Version                    : HHH000412: Hibernate ORM core version 6.2.5.Final
2023-07-29T21:06:56.812+01:00  INFO 16948 --- [           main] org.hibernate.cfg.Environment            : HHH000406: Using bytecode reflection optimizer
2023-07-29T21:06:57.592+01:00  INFO 16948 --- [           main] o.h.b.i.BytecodeProviderInitiator        : HHH000021: Bytecode provider name : bytebuddy
2023-07-29T21:06:57.984+01:00  INFO 16948 --- [           main] o.s.o.j.p.SpringPersistenceUnitInfo      : No LoadTimeWeaver setup: ignoring JPA class transformer
2023-07-29T21:06:58.033+01:00  INFO 16948 --- [           main] com.zaxxer.hikari.HikariDataSource       : HikariPool-1 - Starting...
2023-07-29T21:06:58.727+01:00  INFO 16948 --- [           main] com.zaxxer.hikari.pool.HikariPool        : HikariPool-1 - Added connection com.mysql.cj.jdbc.ConnectionImpl@7cc1f72c
2023-07-29T21:06:58.739+01:00  INFO 16948 --- [           main] com.zaxxer.hikari.HikariDataSource       : HikariPool-1 - Start completed.
2023-07-29T21:06:58.795+01:00  WARN 16948 --- [           main] org.hibernate.orm.deprecation            : HHH90000026: MySQL8Dialect has been deprecated; use org.hibernate.dialect.MySQLDialect instead
2023-07-29T21:07:00.260+01:00  INFO 16948 --- [           main] o.h.b.i.BytecodeProviderInitiator        : HHH000021: Bytecode provider name : bytebuddy
2023-07-29T21:07:11.884+01:00  INFO 16948 --- [           main] o.h.e.t.j.p.i.JtaPlatformInitiator       : HHH000490: Using JtaPlatform implementation: [org.hibernate.engine.transaction.jta.platform.internal.NoJtaPlatform]
2023-07-29T21:07:13.600+01:00 DEBUG 16948 --- [           main] org.hibernate.SQL                        : alter table blog modify column blog  mediumtext
Hibernate: alter table blog modify column blog  mediumtext
2023-07-29T21:07:14.360+01:00 DEBUG 16948 --- [           main] org.hibernate.SQL                        : alter table blog modify column created_at  datetime(6)
Hibernate: alter table blog modify column created_at  datetime(6)
2023-07-29T21:07:14.839+01:00  INFO 16948 --- [           main] j.LocalContainerEntityManagerFactoryBean : Initialized JPA EntityManagerFactory for persistence unit 'default'
2023-07-29T21:07:20.386+01:00  WARN 16948 --- [           main] JpaBaseConfiguration$JpaWebConfiguration : spring.jpa.open-in-view is enabled by default. Therefore, database queries may be performed during view rendering. Explicitly configure spring.jpa.open-in-view to disable this warning
2023-07-29T21:07:21.399+01:00  INFO 16948 --- [           main] o.s.b.a.w.s.WelcomePageHandlerMapping    : Adding welcome page: class path resource [static/index.html]
2023-07-29T21:07:22.855+01:00  INFO 16948 --- [           main] o.a.k.clients.consumer.ConsumerConfig    : ConsumerConfig values: 
	allow.auto.create.topics = true
	auto.commit.interval.ms = 5000
	auto.include.jmx.reporter = true
	auto.offset.reset = earliest
	bootstrap.servers = [localhost:9092]
	check.crcs = true
	client.dns.lookup = use_all_dns_ips
	client.id = consumer-my-group-1
	client.rack = 
	connections.max.idle.ms = 540000
	default.api.timeout.ms = 60000
	enable.auto.commit = false
	exclude.internal.topics = true
	fetch.max.bytes = 52428800
	fetch.max.wait.ms = 500
	fetch.min.bytes = 1
	group.id = my-group
	group.instance.id = null
	heartbeat.interval.ms = 3000
	interceptor.classes = []
	internal.leave.group.on.close = true
	internal.throw.on.fetch.stable.offset.unsupported = false
	isolation.level = read_uncommitted
	key.deserializer = class org.apache.kafka.common.serialization.StringDeserializer
	max.partition.fetch.bytes = 1048576
	max.poll.interval.ms = 300000
	max.poll.records = 500
	metadata.max.age.ms = 300000
	metric.reporters = []
	metrics.num.samples = 2
	metrics.recording.level = INFO
	metrics.sample.window.ms = 30000
	partition.assignment.strategy = [class org.apache.kafka.clients.consumer.RangeAssignor, class org.apache.kafka.clients.consumer.CooperativeStickyAssignor]
	receive.buffer.bytes = 65536
	reconnect.backoff.max.ms = 1000
	reconnect.backoff.ms = 50
	request.timeout.ms = 30000
	retry.backoff.ms = 100
	sasl.client.callback.handler.class = null
	sasl.jaas.config = null
	sasl.kerberos.kinit.cmd = /usr/bin/kinit
	sasl.kerberos.min.time.before.relogin = 60000
	sasl.kerberos.service.name = null
	sasl.kerberos.ticket.renew.jitter = 0.05
	sasl.kerberos.ticket.renew.window.factor = 0.8
	sasl.login.callback.handler.class = null
	sasl.login.class = null
	sasl.login.connect.timeout.ms = null
	sasl.login.read.timeout.ms = null
	sasl.login.refresh.buffer.seconds = 300
	sasl.login.refresh.min.period.seconds = 60
	sasl.login.refresh.window.factor = 0.8
	sasl.login.refresh.window.jitter = 0.05
	sasl.login.retry.backoff.max.ms = 10000
	sasl.login.retry.backoff.ms = 100
	sasl.mechanism = GSSAPI
	sasl.oauthbearer.clock.skew.seconds = 30
	sasl.oauthbearer.expected.audience = null
	sasl.oauthbearer.expected.issuer = null
	sasl.oauthbearer.jwks.endpoint.refresh.ms = 3600000
	sasl.oauthbearer.jwks.endpoint.retry.backoff.max.ms = 10000
	sasl.oauthbearer.jwks.endpoint.retry.backoff.ms = 100
	sasl.oauthbearer.jwks.endpoint.url = null
	sasl.oauthbearer.scope.claim.name = scope
	sasl.oauthbearer.sub.claim.name = sub
	sasl.oauthbearer.token.endpoint.url = null
	security.protocol = PLAINTEXT
	security.providers = null
	send.buffer.bytes = 131072
	session.timeout.ms = 45000
	socket.connection.setup.timeout.max.ms = 30000
	socket.connection.setup.timeout.ms = 10000
	ssl.cipher.suites = null
	ssl.enabled.protocols = [TLSv1.2, TLSv1.3]
	ssl.endpoint.identification.algorithm = https
	ssl.engine.factory.class = null
	ssl.key.password = null
	ssl.keymanager.algorithm = SunX509
	ssl.keystore.certificate.chain = null
	ssl.keystore.key = null
	ssl.keystore.location = null
	ssl.keystore.password = null
	ssl.keystore.type = JKS
	ssl.protocol = TLSv1.3
	ssl.provider = null
	ssl.secure.random.implementation = null
	ssl.trustmanager.algorithm = PKIX
	ssl.truststore.certificates = null
	ssl.truststore.location = null
	ssl.truststore.password = null
	ssl.truststore.type = JKS
	value.deserializer = class org.springframework.kafka.support.serializer.JsonDeserializer

2023-07-29T21:07:25.368+01:00  WARN 16948 --- [           main] o.a.k.clients.consumer.ConsumerConfig    : These configurations '[consumer.timeout.ms]' were supplied but are not used yet.
2023-07-29T21:07:25.372+01:00  INFO 16948 --- [           main] o.a.kafka.common.utils.AppInfoParser     : Kafka version: 3.4.1
2023-07-29T21:07:25.372+01:00  INFO 16948 --- [           main] o.a.kafka.common.utils.AppInfoParser     : Kafka commitId: 8a516edc2755df89
2023-07-29T21:07:25.372+01:00  INFO 16948 --- [           main] o.a.kafka.common.utils.AppInfoParser     : Kafka startTimeMs: 1690661245368
2023-07-29T21:07:25.426+01:00  INFO 16948 --- [           main] o.a.k.clients.consumer.KafkaConsumer     : [Consumer clientId=consumer-my-group-1, groupId=my-group] Subscribed to topic(s): 3
2023-07-29T21:07:25.476+01:00  INFO 16948 --- [           main] o.a.k.clients.consumer.ConsumerConfig    : ConsumerConfig values: 
	allow.auto.create.topics = true
	auto.commit.interval.ms = 5000
	auto.include.jmx.reporter = true
	auto.offset.reset = earliest
	bootstrap.servers = [localhost:9092]
	check.crcs = true
	client.dns.lookup = use_all_dns_ips
	client.id = consumer-my-group-2
	client.rack = 
	connections.max.idle.ms = 540000
	default.api.timeout.ms = 60000
	enable.auto.commit = false
	exclude.internal.topics = true
	fetch.max.bytes = 52428800
	fetch.max.wait.ms = 500
	fetch.min.bytes = 1
	group.id = my-group
	group.instance.id = null
	heartbeat.interval.ms = 3000
	interceptor.classes = []
	internal.leave.group.on.close = true
	internal.throw.on.fetch.stable.offset.unsupported = false
	isolation.level = read_uncommitted
	key.deserializer = class org.apache.kafka.common.serialization.StringDeserializer
	max.partition.fetch.bytes = 1048576
	max.poll.interval.ms = 300000
	max.poll.records = 500
	metadata.max.age.ms = 300000
	metric.reporters = []
	metrics.num.samples = 2
	metrics.recording.level = INFO
	metrics.sample.window.ms = 30000
	partition.assignment.strategy = [class org.apache.kafka.clients.consumer.RangeAssignor, class org.apache.kafka.clients.consumer.CooperativeStickyAssignor]
	receive.buffer.bytes = 65536
	reconnect.backoff.max.ms = 1000
	reconnect.backoff.ms = 50
	request.timeout.ms = 30000
	retry.backoff.ms = 100
	sasl.client.callback.handler.class = null
	sasl.jaas.config = null
	sasl.kerberos.kinit.cmd = /usr/bin/kinit
	sasl.kerberos.min.time.before.relogin = 60000
	sasl.kerberos.service.name = null
	sasl.kerberos.ticket.renew.jitter = 0.05
	sasl.kerberos.ticket.renew.window.factor = 0.8
	sasl.login.callback.handler.class = null
	sasl.login.class = null
	sasl.login.connect.timeout.ms = null
	sasl.login.read.timeout.ms = null
	sasl.login.refresh.buffer.seconds = 300
	sasl.login.refresh.min.period.seconds = 60
	sasl.login.refresh.window.factor = 0.8
	sasl.login.refresh.window.jitter = 0.05
	sasl.login.retry.backoff.max.ms = 10000
	sasl.login.retry.backoff.ms = 100
	sasl.mechanism = GSSAPI
	sasl.oauthbearer.clock.skew.seconds = 30
	sasl.oauthbearer.expected.audience = null
	sasl.oauthbearer.expected.issuer = null
	sasl.oauthbearer.jwks.endpoint.refresh.ms = 3600000
	sasl.oauthbearer.jwks.endpoint.retry.backoff.max.ms = 10000
	sasl.oauthbearer.jwks.endpoint.retry.backoff.ms = 100
	sasl.oauthbearer.jwks.endpoint.url = null
	sasl.oauthbearer.scope.claim.name = scope
	sasl.oauthbearer.sub.claim.name = sub
	sasl.oauthbearer.token.endpoint.url = null
	security.protocol = PLAINTEXT
	security.providers = null
	send.buffer.bytes = 131072
	session.timeout.ms = 45000
	socket.connection.setup.timeout.max.ms = 30000
	socket.connection.setup.timeout.ms = 10000
	ssl.cipher.suites = null
	ssl.enabled.protocols = [TLSv1.2, TLSv1.3]
	ssl.endpoint.identification.algorithm = https
	ssl.engine.factory.class = null
	ssl.key.password = null
	ssl.keymanager.algorithm = SunX509
	ssl.keystore.certificate.chain = null
	ssl.keystore.key = null
	ssl.keystore.location = null
	ssl.keystore.password = null
	ssl.keystore.type = JKS
	ssl.protocol = TLSv1.3
	ssl.provider = null
	ssl.secure.random.implementation = null
	ssl.trustmanager.algorithm = PKIX
	ssl.truststore.certificates = null
	ssl.truststore.location = null
	ssl.truststore.password = null
	ssl.truststore.type = JKS
	value.deserializer = class org.springframework.kafka.support.serializer.JsonDeserializer

2023-07-29T21:07:25.500+01:00  WARN 16948 --- [           main] o.a.k.clients.consumer.ConsumerConfig    : These configurations '[consumer.timeout.ms]' were supplied but are not used yet.
2023-07-29T21:07:25.501+01:00  INFO 16948 --- [           main] o.a.kafka.common.utils.AppInfoParser     : Kafka version: 3.4.1
2023-07-29T21:07:25.501+01:00  INFO 16948 --- [           main] o.a.kafka.common.utils.AppInfoParser     : Kafka commitId: 8a516edc2755df89
2023-07-29T21:07:25.501+01:00  INFO 16948 --- [           main] o.a.kafka.common.utils.AppInfoParser     : Kafka startTimeMs: 1690661245500
2023-07-29T21:07:25.502+01:00  INFO 16948 --- [           main] o.a.k.clients.consumer.KafkaConsumer     : [Consumer clientId=consumer-my-group-2, groupId=my-group] Subscribed to topic(s): 2
2023-07-29T21:07:25.507+01:00  INFO 16948 --- [           main] o.a.k.clients.consumer.ConsumerConfig    : ConsumerConfig values: 
	allow.auto.create.topics = true
	auto.commit.interval.ms = 5000
	auto.include.jmx.reporter = true
	auto.offset.reset = earliest
	bootstrap.servers = [localhost:9092]
	check.crcs = true
	client.dns.lookup = use_all_dns_ips
	client.id = consumer-my-group-3
	client.rack = 
	connections.max.idle.ms = 540000
	default.api.timeout.ms = 60000
	enable.auto.commit = false
	exclude.internal.topics = true
	fetch.max.bytes = 52428800
	fetch.max.wait.ms = 500
	fetch.min.bytes = 1
	group.id = my-group
	group.instance.id = null
	heartbeat.interval.ms = 3000
	interceptor.classes = []
	internal.leave.group.on.close = true
	internal.throw.on.fetch.stable.offset.unsupported = false
	isolation.level = read_uncommitted
	key.deserializer = class org.apache.kafka.common.serialization.StringDeserializer
	max.partition.fetch.bytes = 1048576
	max.poll.interval.ms = 300000
	max.poll.records = 500
	metadata.max.age.ms = 300000
	metric.reporters = []
	metrics.num.samples = 2
	metrics.recording.level = INFO
	metrics.sample.window.ms = 30000
	partition.assignment.strategy = [class org.apache.kafka.clients.consumer.RangeAssignor, class org.apache.kafka.clients.consumer.CooperativeStickyAssignor]
	receive.buffer.bytes = 65536
	reconnect.backoff.max.ms = 1000
	reconnect.backoff.ms = 50
	request.timeout.ms = 30000
	retry.backoff.ms = 100
	sasl.client.callback.handler.class = null
	sasl.jaas.config = null
	sasl.kerberos.kinit.cmd = /usr/bin/kinit
	sasl.kerberos.min.time.before.relogin = 60000
	sasl.kerberos.service.name = null
	sasl.kerberos.ticket.renew.jitter = 0.05
	sasl.kerberos.ticket.renew.window.factor = 0.8
	sasl.login.callback.handler.class = null
	sasl.login.class = null
	sasl.login.connect.timeout.ms = null
	sasl.login.read.timeout.ms = null
	sasl.login.refresh.buffer.seconds = 300
	sasl.login.refresh.min.period.seconds = 60
	sasl.login.refresh.window.factor = 0.8
	sasl.login.refresh.window.jitter = 0.05
	sasl.login.retry.backoff.max.ms = 10000
	sasl.login.retry.backoff.ms = 100
	sasl.mechanism = GSSAPI
	sasl.oauthbearer.clock.skew.seconds = 30
	sasl.oauthbearer.expected.audience = null
	sasl.oauthbearer.expected.issuer = null
	sasl.oauthbearer.jwks.endpoint.refresh.ms = 3600000
	sasl.oauthbearer.jwks.endpoint.retry.backoff.max.ms = 10000
	sasl.oauthbearer.jwks.endpoint.retry.backoff.ms = 100
	sasl.oauthbearer.jwks.endpoint.url = null
	sasl.oauthbearer.scope.claim.name = scope
	sasl.oauthbearer.sub.claim.name = sub
	sasl.oauthbearer.token.endpoint.url = null
	security.protocol = PLAINTEXT
	security.providers = null
	send.buffer.bytes = 131072
	session.timeout.ms = 45000
	socket.connection.setup.timeout.max.ms = 30000
	socket.connection.setup.timeout.ms = 10000
	ssl.cipher.suites = null
	ssl.enabled.protocols = [TLSv1.2, TLSv1.3]
	ssl.endpoint.identification.algorithm = https
	ssl.engine.factory.class = null
	ssl.key.password = null
	ssl.keymanager.algorithm = SunX509
	ssl.keystore.certificate.chain = null
	ssl.keystore.key = null
	ssl.keystore.location = null
	ssl.keystore.password = null
	ssl.keystore.type = JKS
	ssl.protocol = TLSv1.3
	ssl.provider = null
	ssl.secure.random.implementation = null
	ssl.trustmanager.algorithm = PKIX
	ssl.truststore.certificates = null
	ssl.truststore.location = null
	ssl.truststore.password = null
	ssl.truststore.type = JKS
	value.deserializer = class org.springframework.kafka.support.serializer.JsonDeserializer

2023-07-29T21:07:25.562+01:00  WARN 16948 --- [           main] o.a.k.clients.consumer.ConsumerConfig    : These configurations '[consumer.timeout.ms]' were supplied but are not used yet.
2023-07-29T21:07:25.562+01:00  INFO 16948 --- [           main] o.a.kafka.common.utils.AppInfoParser     : Kafka version: 3.4.1
2023-07-29T21:07:25.563+01:00  INFO 16948 --- [           main] o.a.kafka.common.utils.AppInfoParser     : Kafka commitId: 8a516edc2755df89
2023-07-29T21:07:25.564+01:00  INFO 16948 --- [           main] o.a.kafka.common.utils.AppInfoParser     : Kafka startTimeMs: 1690661245562
2023-07-29T21:07:25.565+01:00  INFO 16948 --- [           main] o.a.k.clients.consumer.KafkaConsumer     : [Consumer clientId=consumer-my-group-3, groupId=my-group] Subscribed to topic(s): 1
2023-07-29T21:07:25.587+01:00  INFO 16948 --- [           main] c.h.h.HealthcareBlogApplicationTests     : Started HealthcareBlogApplicationTests in 35.242 seconds (process running for 39.312)
2023-07-29T21:07:29.086+01:00  INFO 16948 --- [ntainer#1-0-C-1] org.apache.kafka.clients.Metadata        : [Consumer clientId=consumer-my-group-3, groupId=my-group] Resetting the last seen epoch of partition 1-0 to 0 since the associated topicId changed from null to ipk9Io6ITziIqikm-sk7jg
2023-07-29T21:07:29.086+01:00  INFO 16948 --- [ntainer#0-0-C-1] org.apache.kafka.clients.Metadata        : [Consumer clientId=consumer-my-group-2, groupId=my-group] Resetting the last seen epoch of partition 2-0 to 0 since the associated topicId changed from null to oE3ilAg6STads7kV6_hZtg
2023-07-29T21:07:29.086+01:00  INFO 16948 --- [ntainer#2-0-C-1] org.apache.kafka.clients.Metadata        : [Consumer clientId=consumer-my-group-1, groupId=my-group] Resetting the last seen epoch of partition 3-0 to 0 since the associated topicId changed from null to ZeaXYv5DR9SVMnSXVEk--g
2023-07-29T21:07:29.177+01:00  INFO 16948 --- [ntainer#1-0-C-1] org.apache.kafka.clients.Metadata        : [Consumer clientId=consumer-my-group-3, groupId=my-group] Cluster ID: Gcm5gntnSSamcyiDQBCcJg
2023-07-29T21:07:29.177+01:00  INFO 16948 --- [ntainer#2-0-C-1] org.apache.kafka.clients.Metadata        : [Consumer clientId=consumer-my-group-1, groupId=my-group] Cluster ID: Gcm5gntnSSamcyiDQBCcJg
2023-07-29T21:07:29.178+01:00  INFO 16948 --- [ntainer#0-0-C-1] org.apache.kafka.clients.Metadata        : [Consumer clientId=consumer-my-group-2, groupId=my-group] Cluster ID: Gcm5gntnSSamcyiDQBCcJg
2023-07-29T21:07:29.258+01:00  INFO 16948 --- [ntainer#0-0-C-1] o.a.k.c.c.internals.ConsumerCoordinator  : [Consumer clientId=consumer-my-group-2, groupId=my-group] Discovered group coordinator localhost:9092 (id: 2147483647 rack: null)
2023-07-29T21:07:29.259+01:00  INFO 16948 --- [ntainer#1-0-C-1] o.a.k.c.c.internals.ConsumerCoordinator  : [Consumer clientId=consumer-my-group-3, groupId=my-group] Discovered group coordinator localhost:9092 (id: 2147483647 rack: null)
2023-07-29T21:07:29.263+01:00  INFO 16948 --- [ntainer#1-0-C-1] o.a.k.c.c.internals.ConsumerCoordinator  : [Consumer clientId=consumer-my-group-3, groupId=my-group] (Re-)joining group
2023-07-29T21:07:29.264+01:00  INFO 16948 --- [ntainer#2-0-C-1] o.a.k.c.c.internals.ConsumerCoordinator  : [Consumer clientId=consumer-my-group-1, groupId=my-group] Discovered group coordinator localhost:9092 (id: 2147483647 rack: null)
2023-07-29T21:07:29.267+01:00  INFO 16948 --- [ntainer#2-0-C-1] o.a.k.c.c.internals.ConsumerCoordinator  : [Consumer clientId=consumer-my-group-1, groupId=my-group] (Re-)joining group
2023-07-29T21:07:29.263+01:00  INFO 16948 --- [ntainer#0-0-C-1] o.a.k.c.c.internals.ConsumerCoordinator  : [Consumer clientId=consumer-my-group-2, groupId=my-group] (Re-)joining group
2023-07-29T21:07:29.987+01:00  INFO 16948 --- [ntainer#2-0-C-1] o.a.k.c.c.internals.ConsumerCoordinator  : [Consumer clientId=consumer-my-group-1, groupId=my-group] Request joining group due to: need to re-join with the given member-id: consumer-my-group-1-657c06cd-2976-43d9-b9fb-7dea04f3cea3
2023-07-29T21:07:29.987+01:00  INFO 16948 --- [ntainer#2-0-C-1] o.a.k.c.c.internals.ConsumerCoordinator  : [Consumer clientId=consumer-my-group-1, groupId=my-group] Request joining group due to: rebalance failed due to 'The group member needs to have a valid member id before actually entering a consumer group.' (MemberIdRequiredException)
2023-07-29T21:07:29.987+01:00  INFO 16948 --- [ntainer#2-0-C-1] o.a.k.c.c.internals.ConsumerCoordinator  : [Consumer clientId=consumer-my-group-1, groupId=my-group] (Re-)joining group
2023-07-29T21:07:30.029+01:00  INFO 16948 --- [ntainer#1-0-C-1] o.a.k.c.c.internals.ConsumerCoordinator  : [Consumer clientId=consumer-my-group-3, groupId=my-group] Request joining group due to: need to re-join with the given member-id: consumer-my-group-3-97cf61d4-756e-4ca7-b405-449944a28010
2023-07-29T21:07:30.030+01:00  INFO 16948 --- [ntainer#1-0-C-1] o.a.k.c.c.internals.ConsumerCoordinator  : [Consumer clientId=consumer-my-group-3, groupId=my-group] Request joining group due to: rebalance failed due to 'The group member needs to have a valid member id before actually entering a consumer group.' (MemberIdRequiredException)
2023-07-29T21:07:30.031+01:00  INFO 16948 --- [ntainer#1-0-C-1] o.a.k.c.c.internals.ConsumerCoordinator  : [Consumer clientId=consumer-my-group-3, groupId=my-group] (Re-)joining group
2023-07-29T21:07:30.106+01:00  INFO 16948 --- [ntainer#0-0-C-1] o.a.k.c.c.internals.ConsumerCoordinator  : [Consumer clientId=consumer-my-group-2, groupId=my-group] Request joining group due to: need to re-join with the given member-id: consumer-my-group-2-1034b7da-eefa-4577-bb8e-3bd9c6a791b5
2023-07-29T21:07:30.107+01:00  INFO 16948 --- [ntainer#0-0-C-1] o.a.k.c.c.internals.ConsumerCoordinator  : [Consumer clientId=consumer-my-group-2, groupId=my-group] Request joining group due to: rebalance failed due to 'The group member needs to have a valid member id before actually entering a consumer group.' (MemberIdRequiredException)
2023-07-29T21:07:30.108+01:00  INFO 16948 --- [ntainer#0-0-C-1] o.a.k.c.c.internals.ConsumerCoordinator  : [Consumer clientId=consumer-my-group-2, groupId=my-group] (Re-)joining group
2023-07-29T21:07:31.123+01:00  INFO 16948 --- [ntainer#1-0-C-1] o.a.k.c.c.internals.ConsumerCoordinator  : [Consumer clientId=consumer-my-group-3, groupId=my-group] Successfully joined group with generation Generation{generationId=2, memberId='consumer-my-group-3-97cf61d4-756e-4ca7-b405-449944a28010', protocol='range'}
2023-07-29T21:07:31.123+01:00  INFO 16948 --- [ntainer#2-0-C-1] o.a.k.c.c.internals.ConsumerCoordinator  : [Consumer clientId=consumer-my-group-1, groupId=my-group] Successfully joined group with generation Generation{generationId=2, memberId='consumer-my-group-1-657c06cd-2976-43d9-b9fb-7dea04f3cea3', protocol='range'}
2023-07-29T21:07:31.125+01:00  INFO 16948 --- [ntainer#0-0-C-1] o.a.k.c.c.internals.ConsumerCoordinator  : [Consumer clientId=consumer-my-group-2, groupId=my-group] Successfully joined group with generation Generation{generationId=2, memberId='consumer-my-group-2-1034b7da-eefa-4577-bb8e-3bd9c6a791b5', protocol='range'}
2023-07-29T21:07:31.655+01:00  INFO 16948 --- [ntainer#1-0-C-1] o.a.k.c.c.internals.ConsumerCoordinator  : [Consumer clientId=consumer-my-group-3, groupId=my-group] Successfully synced group in generation Generation{generationId=2, memberId='consumer-my-group-3-97cf61d4-756e-4ca7-b405-449944a28010', protocol='range'}
2023-07-29T21:07:31.655+01:00  INFO 16948 --- [ntainer#2-0-C-1] o.a.k.c.c.internals.ConsumerCoordinator  : [Consumer clientId=consumer-my-group-1, groupId=my-group] Successfully synced group in generation Generation{generationId=2, memberId='consumer-my-group-1-657c06cd-2976-43d9-b9fb-7dea04f3cea3', protocol='range'}
2023-07-29T21:07:31.656+01:00  INFO 16948 --- [ntainer#0-0-C-1] o.a.k.c.c.internals.ConsumerCoordinator  : [Consumer clientId=consumer-my-group-2, groupId=my-group] Successfully synced group in generation Generation{generationId=2, memberId='consumer-my-group-2-1034b7da-eefa-4577-bb8e-3bd9c6a791b5', protocol='range'}
2023-07-29T21:07:31.674+01:00  INFO 16948 --- [ntainer#0-0-C-1] o.a.k.c.c.internals.ConsumerCoordinator  : [Consumer clientId=consumer-my-group-2, groupId=my-group] Notifying assignor about the new Assignment(partitions=[2-0])
2023-07-29T21:07:31.675+01:00  INFO 16948 --- [ntainer#1-0-C-1] o.a.k.c.c.internals.ConsumerCoordinator  : [Consumer clientId=consumer-my-group-3, groupId=my-group] Notifying assignor about the new Assignment(partitions=[])
2023-07-29T21:07:31.676+01:00  INFO 16948 --- [ntainer#2-0-C-1] o.a.k.c.c.internals.ConsumerCoordinator  : [Consumer clientId=consumer-my-group-1, groupId=my-group] Notifying assignor about the new Assignment(partitions=[3-0])
2023-07-29T21:07:31.844+01:00  INFO 16948 --- [ntainer#2-0-C-1] o.a.k.c.c.internals.ConsumerCoordinator  : [Consumer clientId=consumer-my-group-1, groupId=my-group] Adding newly assigned partitions: 3-0
2023-07-29T21:07:31.844+01:00  INFO 16948 --- [ntainer#1-0-C-1] o.a.k.c.c.internals.ConsumerCoordinator  : [Consumer clientId=consumer-my-group-3, groupId=my-group] Adding newly assigned partitions: 
2023-07-29T21:07:31.844+01:00  INFO 16948 --- [ntainer#0-0-C-1] o.a.k.c.c.internals.ConsumerCoordinator  : [Consumer clientId=consumer-my-group-2, groupId=my-group] Adding newly assigned partitions: 2-0
2023-07-29T21:07:31.847+01:00  INFO 16948 --- [ntainer#1-0-C-1] o.s.k.l.KafkaMessageListenerContainer    : my-group: partitions assigned: []
2023-07-29T21:07:32.048+01:00  INFO 16948 --- [ntainer#0-0-C-1] o.a.k.c.c.internals.ConsumerCoordinator  : [Consumer clientId=consumer-my-group-2, groupId=my-group] Found no committed offset for partition 2-0
2023-07-29T21:07:32.048+01:00  INFO 16948 --- [ntainer#2-0-C-1] o.a.k.c.c.internals.ConsumerCoordinator  : [Consumer clientId=consumer-my-group-1, groupId=my-group] Found no committed offset for partition 3-0
2023-07-29T21:07:32.239+01:00  INFO 16948 --- [ntainer#0-0-C-1] o.a.k.c.c.internals.SubscriptionState    : [Consumer clientId=consumer-my-group-2, groupId=my-group] Resetting offset for partition 2-0 to position FetchPosition{offset=0, offsetEpoch=Optional.empty, currentLeader=LeaderAndEpoch{leader=Optional[localhost:9092 (id: 0 rack: null)], epoch=0}}.
2023-07-29T21:07:32.239+01:00  INFO 16948 --- [ntainer#2-0-C-1] o.a.k.c.c.internals.SubscriptionState    : [Consumer clientId=consumer-my-group-1, groupId=my-group] Resetting offset for partition 3-0 to position FetchPosition{offset=0, offsetEpoch=Optional.empty, currentLeader=LeaderAndEpoch{leader=Optional[localhost:9092 (id: 0 rack: null)], epoch=0}}.
2023-07-29T21:07:32.240+01:00  INFO 16948 --- [ntainer#0-0-C-1] o.s.k.l.KafkaMessageListenerContainer    : my-group: partitions assigned: [2-0]
2023-07-29T21:07:32.240+01:00  INFO 16948 --- [ntainer#2-0-C-1] o.s.k.l.KafkaMessageListenerContainer    : my-group: partitions assigned: [3-0]
]]></system-out>
  </testcase>
</testsuite>