<?xml version="1.0" encoding="UTF-8"?>
<testsuite xmlns:xsi="http://www.w3.org/2001/XMLSchema-instance" xsi:noNamespaceSchemaLocation="https://maven.apache.org/surefire/maven-surefire-plugin/xsd/surefire-test-report-3.0.xsd" version="3.0" name="com.healthcaredelivery.healthcareblog.HealthcareBlogApplicationTests" time="17.187" tests="1" errors="0" skipped="0" failures="0">
  <properties>
[...]
</properties>
  <testcase name="contextLoads" classname="com.healthcaredelivery.healthcareblog.HealthcareBlogApplicationTests" time="1.827">
    <system-out><![CDATA[11:03:46.363 [main] INFO org.springframework.test.context.support.AnnotationConfigContextLoaderUtils -- Could not detect default configuration classes for test class [com.healthcaredelivery.healthcareblog.HealthcareBlogApplicationTests]: HealthcareBlogApplicationTests does not declare any static, non-private, non-final, nested classes annotated with @Configuration.
11:03:46.685 [main] INFO org.springframework.boot.test.context.SpringBootTestContextBootstrapper -- Found @SpringBootConfiguration com.healthcaredelivery.healthcareblog.HealthcareBlogApplication for test class com.healthcaredelivery.healthcareblog.HealthcareBlogApplicationTests

  .   ____          _            __ _ _
 /\\ / ___'_ __ _ _(_)_ __  __ _ \ \ \ \
( ( )\___ | '_ | '_| | '_ \/ _` | \ \ \ \
 \\/  ___)| |_)| | | | | || (_| |  ) ) ) )
  '  |____| .__|_| |_|_| |_\__, | / / / /
 =========|_|==============|___/=/_/_/_/
 :: Spring Boot ::                (v3.1.1)

2023-08-24T11:03:47.944+01:00  INFO 14024 --- [           main] c.h.h.HealthcareBlogApplicationTests     : Starting HealthcareBlogApplicationTests using Java 17.0.6 with PID 14024 (started by Systej in C:\Users\Systej\Documents\project\spring-boot\women-health)
2023-08-24T11:03:47.947+01:00  INFO 14024 --- [           main] c.h.h.HealthcareBlogApplicationTests     : No active profile set, falling back to 1 default profile: "default"
2023-08-24T11:03:49.909+01:00  INFO 14024 --- [           main] .s.d.r.c.RepositoryConfigurationDelegate : Bootstrapping Spring Data JPA repositories in DEFAULT mode.
2023-08-24T11:03:50.158+01:00  INFO 14024 --- [           main] .s.d.r.c.RepositoryConfigurationDelegate : Finished Spring Data repository scanning in 206 ms. Found 3 JPA repository interfaces.
2023-08-24T11:03:52.377+01:00  INFO 14024 --- [           main] o.hibernate.jpa.internal.util.LogHelper  : HHH000204: Processing PersistenceUnitInfo [name: default]
2023-08-24T11:03:52.617+01:00  INFO 14024 --- [           main] org.hibernate.Version                    : HHH000412: Hibernate ORM core version 6.2.5.Final
2023-08-24T11:03:52.626+01:00  INFO 14024 --- [           main] org.hibernate.cfg.Environment            : HHH000406: Using bytecode reflection optimizer
2023-08-24T11:03:53.197+01:00  INFO 14024 --- [           main] o.h.b.i.BytecodeProviderInitiator        : HHH000021: Bytecode provider name : bytebuddy
2023-08-24T11:03:53.727+01:00  INFO 14024 --- [           main] o.s.o.j.p.SpringPersistenceUnitInfo      : No LoadTimeWeaver setup: ignoring JPA class transformer
2023-08-24T11:03:53.806+01:00  INFO 14024 --- [           main] com.zaxxer.hikari.HikariDataSource       : HikariPool-1 - Starting...
2023-08-24T11:03:54.353+01:00  INFO 14024 --- [           main] com.zaxxer.hikari.pool.HikariPool        : HikariPool-1 - Added connection com.mysql.cj.jdbc.ConnectionImpl@6aad919c
2023-08-24T11:03:54.357+01:00  INFO 14024 --- [           main] com.zaxxer.hikari.HikariDataSource       : HikariPool-1 - Start completed.
2023-08-24T11:03:54.401+01:00  WARN 14024 --- [           main] org.hibernate.orm.deprecation            : HHH90000026: MySQL8Dialect has been deprecated; use org.hibernate.dialect.MySQLDialect instead
2023-08-24T11:03:55.030+01:00  INFO 14024 --- [           main] o.h.b.i.BytecodeProviderInitiator        : HHH000021: Bytecode provider name : bytebuddy
2023-08-24T11:03:56.658+01:00  INFO 14024 --- [           main] o.h.e.t.j.p.i.JtaPlatformInitiator       : HHH000490: Using JtaPlatform implementation: [org.hibernate.engine.transaction.jta.platform.internal.NoJtaPlatform]
2023-08-24T11:03:56.831+01:00 DEBUG 14024 --- [           main] org.hibernate.SQL                        : alter table blog modify column blog  mediumtext
Hibernate: alter table blog modify column blog  mediumtext
2023-08-24T11:03:56.957+01:00 DEBUG 14024 --- [           main] org.hibernate.SQL                        : alter table blog modify column created_at  datetime(6)
Hibernate: alter table blog modify column created_at  datetime(6)
2023-08-24T11:03:57.062+01:00  INFO 14024 --- [           main] j.LocalContainerEntityManagerFactoryBean : Initialized JPA EntityManagerFactory for persistence unit 'default'
2023-08-24T11:03:59.784+01:00  WARN 14024 --- [           main] JpaBaseConfiguration$JpaWebConfiguration : spring.jpa.open-in-view is enabled by default. Therefore, database queries may be performed during view rendering. Explicitly configure spring.jpa.open-in-view to disable this warning
2023-08-24T11:04:00.549+01:00  INFO 14024 --- [           main] o.s.b.a.w.s.WelcomePageHandlerMapping    : Adding welcome page: class path resource [static/index.html]
2023-08-24T11:04:01.236+01:00  INFO 14024 --- [           main] c.h.h.HealthcareBlogApplicationTests     : Started HealthcareBlogApplicationTests in 14.071 seconds (process running for 17.473)
]]></system-out>
  </testcase>
</testsuite>